Using pre-set license
Built from '2021.3/staging' branch; Version is '2021.3.10f1 (1c7d0df0160b) revision 1867021'; Using compiler version '192829333'; Build Type 'Release'
OS: 'Windows 10  (10.0.19044) 64bit Professional' Language: 'ru' Physical Memory: 16278 MB
BatchMode: 1, IsHumanControllingUs: 0, StartBugReporterOnCrash: 0, Is64bit: 1, IsPro: 1

COMMAND LINE ARGUMENTS:
C:\Program Files\Unity 2021.3.10f1\Editor\Unity.exe
-adb2
-batchMode
-noUpm
-name
AssetImportWorker0
-projectPath
C:/Users/r.m.nurtdinov/Documents/GitHub/Motivator/My project (1)
-logFile
Logs/AssetImportWorker0.log
-srvPort
63248
Successfully changed project path to: C:/Users/r.m.nurtdinov/Documents/GitHub/Motivator/My project (1)
C:/Users/r.m.nurtdinov/Documents/GitHub/Motivator/My project (1)
[UnityMemory] Configuration Parameters - Can be set up in boot.config
    "memorysetup-bucket-allocator-granularity=16"
    "memorysetup-bucket-allocator-bucket-count=8"
    "memorysetup-bucket-allocator-block-size=33554432"
    "memorysetup-bucket-allocator-block-count=8"
    "memorysetup-main-allocator-block-size=16777216"
    "memorysetup-thread-allocator-block-size=16777216"
    "memorysetup-gfx-main-allocator-block-size=16777216"
    "memorysetup-gfx-thread-allocator-block-size=16777216"
    "memorysetup-cache-allocator-block-size=4194304"
    "memorysetup-typetree-allocator-block-size=2097152"
    "memorysetup-profiler-bucket-allocator-granularity=16"
    "memorysetup-profiler-bucket-allocator-bucket-count=8"
    "memorysetup-profiler-bucket-allocator-block-size=33554432"
    "memorysetup-profiler-bucket-allocator-block-count=8"
    "memorysetup-profiler-allocator-block-size=16777216"
    "memorysetup-profiler-editor-allocator-block-size=1048576"
    "memorysetup-temp-allocator-size-main=16777216"
    "memorysetup-job-temp-allocator-block-size=2097152"
    "memorysetup-job-temp-allocator-block-size-background=1048576"
    "memorysetup-job-temp-allocator-reduction-small-platforms=262144"
    "memorysetup-temp-allocator-size-background-worker=32768"
    "memorysetup-temp-allocator-size-job-worker=262144"
    "memorysetup-temp-allocator-size-preload-manager=33554432"
    "memorysetup-temp-allocator-size-nav-mesh-worker=65536"
    "memorysetup-temp-allocator-size-audio-worker=65536"
    "memorysetup-temp-allocator-size-cloud-worker=32768"
    "memorysetup-temp-allocator-size-gi-baking-worker=262144"
    "memorysetup-temp-allocator-size-gfx=262144"
Refreshing native plugins compatible for Editor in 113.68 ms, found 3 plugins.
Preloading 0 native plugins for Editor in 0.00 ms.
Initialize engine version: 2021.3.10f1 (1c7d0df0160b)
[Subsystems] Discovering subsystems at path C:/Program Files/Unity 2021.3.10f1/Editor/Data/Resources/UnitySubsystems
[Subsystems] Discovering subsystems at path C:/Users/r.m.nurtdinov/Documents/GitHub/Motivator/My project (1)/Assets
GfxDevice: creating device client; threaded=0; jobified=0
Direct3D:
    Version:  Direct3D 11.0 [level 11.1]
    Renderer: Intel(R) UHD Graphics 620 (ID=0x5917)
    Vendor:   Intel
    VRAM:     8139 MB
    Driver:   27.20.100.9664
Initialize mono
Mono path[0] = 'C:/Program Files/Unity 2021.3.10f1/Editor/Data/Managed'
Mono path[1] = 'C:/Program Files/Unity 2021.3.10f1/Editor/Data/MonoBleedingEdge/lib/mono/unityjit-win32'
Mono config path = 'C:/Program Files/Unity 2021.3.10f1/Editor/Data/MonoBleedingEdge/etc'
Using monoOptions --debugger-agent=transport=dt_socket,embedding=1,server=y,suspend=n,address=127.0.0.1:56408
Begin MonoManager ReloadAssembly
Registering precompiled unity dll's ...
Register platform support module: C:/Program Files/Unity 2021.3.10f1/Editor/Data/PlaybackEngines/WindowsStandaloneSupport/UnityEditor.WindowsStandalone.Extensions.dll
Registered in 0.024308 seconds.
Native extension for WindowsStandalone target not found
Refreshing native plugins compatible for Editor in 102.79 ms, found 3 plugins.
Preloading 0 native plugins for Editor in 0.00 ms.
Mono: successfully reloaded assembly
- Completed reload, in  0.885 seconds
Domain Reload Profiling:
	ReloadAssembly (886ms)
		BeginReloadAssembly (144ms)
			ExecutionOrderSort (0ms)
			DisableScriptedObjects (0ms)
			BackupInstance (0ms)
			ReleaseScriptingObjects (0ms)
			CreateAndSetChildDomain (1ms)
		EndReloadAssembly (577ms)
			LoadAssemblies (141ms)
			RebuildTransferFunctionScriptingTraits (0ms)
			SetupTypeCache (130ms)
			ReleaseScriptCaches (0ms)
			RebuildScriptCaches (35ms)
			SetupLoadedEditorAssemblies (340ms)
				LogAssemblyErrors (0ms)
				InitializePlatformSupportModulesInManaged (12ms)
				SetLoadedEditorAssemblies (1ms)
				RefreshPlugins (103ms)
				BeforeProcessingInitializeOnLoad (2ms)
				ProcessInitializeOnLoadAttributes (164ms)
				ProcessInitializeOnLoadMethodAttributes (58ms)
				AfterProcessingInitializeOnLoad (0ms)
				EditorAssembliesLoaded (0ms)
			ExecutionOrderSort2 (0ms)
			AwakeInstancesAfterBackupRestoration (0ms)
Platform modules already initialized, skipping
Registering precompiled user dll's ...
Registered in 0.024050 seconds.
Begin MonoManager ReloadAssembly
Symbol file LoadedFromMemory doesn't match image C:\Users\r.m.nurtdinov\Documents\GitHub\Motivator\My project (1)\Library\PackageCache\com.unity.visualscripting@1.7.8\Editor\VisualScripting.Core\Dependencies\YamlDotNet\Unity.VisualScripting.YamlDotNet.dll
Symbol file LoadedFromMemory doesn't match image C:\Users\r.m.nurtdinov\Documents\GitHub\Motivator\My project (1)\Library\PackageCache\com.unity.visualscripting@1.7.8\Editor\VisualScripting.Core\Dependencies\DotNetZip\Unity.VisualScripting.IonicZip.dll
Native extension for WindowsStandalone target not found
Refreshing native plugins compatible for Editor in 0.70 ms, found 3 plugins.
Preloading 0 native plugins for Editor in 0.00 ms.
Mono: successfully reloaded assembly
- Completed reload, in  1.410 seconds
Domain Reload Profiling:
	ReloadAssembly (1411ms)
		BeginReloadAssembly (140ms)
			ExecutionOrderSort (0ms)
			DisableScriptedObjects (7ms)
			BackupInstance (0ms)
			ReleaseScriptingObjects (0ms)
			CreateAndSetChildDomain (23ms)
		EndReloadAssembly (1110ms)
			LoadAssemblies (162ms)
			RebuildTransferFunctionScriptingTraits (0ms)
			SetupTypeCache (333ms)
			ReleaseScriptCaches (1ms)
			RebuildScriptCaches (61ms)
			SetupLoadedEditorAssemblies (501ms)
				LogAssemblyErrors (0ms)
				InitializePlatformSupportModulesInManaged (10ms)
				SetLoadedEditorAssemblies (1ms)
				RefreshPlugins (1ms)
				BeforeProcessingInitializeOnLoad (118ms)
				ProcessInitializeOnLoadAttributes (316ms)
				ProcessInitializeOnLoadMethodAttributes (42ms)
				AfterProcessingInitializeOnLoad (12ms)
				EditorAssembliesLoaded (0ms)
			ExecutionOrderSort2 (0ms)
			AwakeInstancesAfterBackupRestoration (8ms)
Platform modules already initialized, skipping
========================================================================
Worker process is ready to serve import requests
Launched and connected shader compiler UnityShaderCompiler.exe after 0.08 seconds
Refreshing native plugins compatible for Editor in 0.74 ms, found 3 plugins.
Preloading 0 native plugins for Editor in 0.00 ms.
Unloading 3429 Unused Serialized files (Serialized files now loaded: 0)
Unloading 27 unused Assets / (113.7 KB). Loaded Objects now: 3889.
Memory consumption went from 119.7 MB to 119.6 MB.
Total: 4.050500 ms (FindLiveObjects: 0.465500 ms CreateObjectMapping: 0.329800 ms MarkObjects: 3.133300 ms  DeleteObjects: 0.120600 ms)

AssetImportParameters requested are different than current active one (requested -> active):
  custom:video-decoder-ogg-theora: a1e56fd34408186e4bbccfd4996cb3dc -> 
  custom:container-muxer-webm: aa71ff27fc2769a1b78a27578f13a17b -> 
  custom:container-demuxer-webm: 4f35f7cbe854078d1ac9338744f61a02 -> 
  custom:video-encoder-webm-vp8: eb34c28f22e8b96e1ab97ce403110664 -> 
  custom:audio-encoder-webm-vorbis: bf7c407c2cedff20999df2af8eb42d56 -> 
  custom:framework-win-MediaFoundation: 216162199b28c13a410421893ffa2e32 -> 
  custom:container-demuxer-ogg: 62fdf1f143b41e24485cea50d1cbac27 -> 
  custom:video-decoder-webm-vp8: 9c59270c3fd7afecdb556c50c9e8de78 -> 
  custom:audio-decoder-ogg-vorbis: bf7c407c2cedff20999df2af8eb42d56 -> 
========================================================================
Received Import Request.
  Time since last request: 1562659.852296 seconds.
  path: Assets/Scenes/Renat.unity
  artifactKey: Guid(898ba8df3eaca1e4ab125e86d8e4d0b5) Importer(815301076,1909f56bfc062723c751e8b465ee728b)
Start importing Assets/Scenes/Renat.unity using Guid(898ba8df3eaca1e4ab125e86d8e4d0b5) Importer(815301076,1909f56bfc062723c751e8b465ee728b)  -> (artifact id: '8fcf2521d1d0dc1d57a47e1039e0434d') in 0.013985 seconds 
========================================================================
Received Import Request.
  Time since last request: 115.038273 seconds.
  path: Assets/assets/Ellipse 2.png
  artifactKey: Guid(a5bea42fb75cb2643b3b17f8929c695e) Importer(815301076,1909f56bfc062723c751e8b465ee728b)
Start importing Assets/assets/Ellipse 2.png using Guid(a5bea42fb75cb2643b3b17f8929c695e) Importer(815301076,1909f56bfc062723c751e8b465ee728b)  -> (artifact id: '9bdcd0fd023b5dced2e133745509e230') in 0.165869 seconds 
========================================================================
Received Import Request.
  Time since last request: 535.514609 seconds.
  path: Assets/Scenes/Dima.unity
  artifactKey: Guid(9fc0d4010bbf28b4594072e72b8655ab) Importer(815301076,1909f56bfc062723c751e8b465ee728b)
Start importing Assets/Scenes/Dima.unity using Guid(9fc0d4010bbf28b4594072e72b8655ab) Importer(815301076,1909f56bfc062723c751e8b465ee728b)  -> (artifact id: 'c1576b8ea7351f315721dd4f8c6ccb63') in 0.004719 seconds 
========================================================================
Received Import Request.
  Time since last request: 122.972041 seconds.
  path: Assets/assets/Ellipse 10.png
  artifactKey: Guid(166e464637717ac4d9974720169a2316) Importer(815301076,1909f56bfc062723c751e8b465ee728b)
Start importing Assets/assets/Ellipse 10.png using Guid(166e464637717ac4d9974720169a2316) Importer(815301076,1909f56bfc062723c751e8b465ee728b)  -> (artifact id: '7fd347900059db27b64128907c3866fe') in 0.017956 seconds 
========================================================================
Received Import Request.
  Time since last request: 32.727558 seconds.
  path: Assets/assets/Ellipse 10.png
  artifactKey: Guid(166e464637717ac4d9974720169a2316) Importer(815301076,1909f56bfc062723c751e8b465ee728b)
Start importing Assets/assets/Ellipse 10.png using Guid(166e464637717ac4d9974720169a2316) Importer(815301076,1909f56bfc062723c751e8b465ee728b)  -> (artifact id: 'a48b3ff0bc250dc8fb2c5c04c2145042') in 0.019880 seconds 
========================================================================
Received Import Request.
  Time since last request: 1578.087452 seconds.
  path: Assets/assets/Rectangle 4.png
  artifactKey: Guid(ce5b25e9a8298e7449d936ad21781149) Importer(815301076,1909f56bfc062723c751e8b465ee728b)
Start importing Assets/assets/Rectangle 4.png using Guid(ce5b25e9a8298e7449d936ad21781149) Importer(815301076,1909f56bfc062723c751e8b465ee728b)  -> (artifact id: '135bdea9ac62499579d342cc1fe4136b') in 0.054194 seconds 
========================================================================
Received Import Request.
  Time since last request: 16.473123 seconds.
  path: Assets/assets/Rectangle 4.png
  artifactKey: Guid(ce5b25e9a8298e7449d936ad21781149) Importer(815301076,1909f56bfc062723c751e8b465ee728b)
Start importing Assets/assets/Rectangle 4.png using Guid(ce5b25e9a8298e7449d936ad21781149) Importer(815301076,1909f56bfc062723c751e8b465ee728b)  -> (artifact id: 'ff8deb20d820c51f951f5334025c96e2') in 0.068209 seconds 
========================================================================
Received Import Request.
  Time since last request: 22.953815 seconds.
  path: Assets/assets/Rectangle 4 (1).png
  artifactKey: Guid(8b43253bd23f03c4785f606bed9ea012) Importer(815301076,1909f56bfc062723c751e8b465ee728b)
Start importing Assets/assets/Rectangle 4 (1).png using Guid(8b43253bd23f03c4785f606bed9ea012) Importer(815301076,1909f56bfc062723c751e8b465ee728b)  -> (artifact id: 'a51123478399d20f0294d3e7de3c7ca7') in 0.073880 seconds 
========================================================================
Received Import Request.
  Time since last request: 10.143541 seconds.
  path: Assets/assets/Rectangle 4 (1).png
  artifactKey: Guid(8b43253bd23f03c4785f606bed9ea012) Importer(815301076,1909f56bfc062723c751e8b465ee728b)
Start importing Assets/assets/Rectangle 4 (1).png using Guid(8b43253bd23f03c4785f606bed9ea012) Importer(815301076,1909f56bfc062723c751e8b465ee728b)  -> (artifact id: '8b4a8c3947c18b3078d74698ae527247') in 0.058287 seconds 
========================================================================
Received Import Request.
  Time since last request: 1395.136943 seconds.
  path: Assets/assets/Rectangle 4 (3).png
  artifactKey: Guid(41667def7c889c7439f75e5a3f023a0c) Importer(815301076,1909f56bfc062723c751e8b465ee728b)
Start importing Assets/assets/Rectangle 4 (3).png using Guid(41667def7c889c7439f75e5a3f023a0c) Importer(815301076,1909f56bfc062723c751e8b465ee728b)  -> (artifact id: 'dae2c6f1463bb2740f2cc0d9a1386a14') in 0.067683 seconds 
========================================================================
Received Import Request.
  Time since last request: 9.186450 seconds.
  path: Assets/assets/Rectangle 4 (3).png
  artifactKey: Guid(41667def7c889c7439f75e5a3f023a0c) Importer(815301076,1909f56bfc062723c751e8b465ee728b)
Start importing Assets/assets/Rectangle 4 (3).png using Guid(41667def7c889c7439f75e5a3f023a0c) Importer(815301076,1909f56bfc062723c751e8b465ee728b)  -> (artifact id: 'fd80be87b2d6565a0d776eb8ee7d5880') in 0.062177 seconds 
